Mensaje I / 00:00:00:000 / Root(00) para top(01)
Mensaje I / 00:00:00:000 / top(01) para controller(02)
Mensaje I / 00:00:00:000 / top(01) para ds(03)
Mensaje D / 00:00:00:000 / controller(02) / ... para top(01)
Mensaje D / 00:00:00:000 / ds(03) / ... para top(01)
Mensaje D / 00:00:00:000 / top(01) / ... para Root(00)
Mensaje X / 00:00:02:000 / Root(00) / in1 /      0.00000 para top(01)
Mensaje X / 00:00:02:000 / top(01) / in1 /      0.00000 para controller(02)
Mensaje D / 00:00:02:000 / controller(02) / ... para top(01)
Mensaje D / 00:00:02:000 / top(01) / ... para Root(00)
Mensaje X / 00:00:05:000 / Root(00) / in1 /      1.00000 para top(01)
Mensaje X / 00:00:05:000 / top(01) / in1 /      1.00000 para controller(02)
Mensaje D / 00:00:05:000 / controller(02) / 00:00:00:010 para top(01)
Mensaje D / 00:00:05:000 / top(01) / 00:00:00:010 para Root(00)
Mensaje * / 00:00:05:010 / Root(00) para top(01)
Mensaje * / 00:00:05:010 / top(01) para controller(02)
Mensaje Y / 00:00:05:010 / controller(02) / out1 /      1.00000 para top(01)
Mensaje D / 00:00:05:010 / controller(02) / ... para top(01)
Mensaje X / 00:00:05:010 / top(01) / in1 /      1.00000 para ds(03)
Mensaje D / 00:00:05:010 / ds(03) / 00:00:00:010 para top(01)
Mensaje D / 00:00:05:010 / top(01) / 00:00:00:010 para Root(00)
Mensaje * / 00:00:05:020 / Root(00) para top(01)
Mensaje * / 00:00:05:020 / top(01) para ds(03)
Mensaje D / 00:00:05:020 / ds(03) / ... para top(01)
Mensaje D / 00:00:05:020 / top(01) / ... para Root(00)
Mensaje X / 00:00:06:000 / Root(00) / in2 /     50.00000 para top(01)
Mensaje X / 00:00:06:000 / top(01) / in2 /     50.00000 para ds(03)
Mensaje D / 00:00:06:000 / ds(03) / 00:00:00:010 para top(01)
Mensaje D / 00:00:06:000 / top(01) / 00:00:00:010 para Root(00)
Mensaje * / 00:00:06:010 / Root(00) para top(01)
Mensaje * / 00:00:06:010 / top(01) para ds(03)
Mensaje Y / 00:00:06:010 / ds(03) / out /     50.00000 para top(01)
Mensaje D / 00:00:06:010 / ds(03) / ... para top(01)
Mensaje X / 00:00:06:010 / top(01) / in2 /     50.00000 para controller(02)
Mensaje D / 00:00:06:010 / controller(02) / 00:00:03:000 para top(01)
Mensaje D / 00:00:06:010 / top(01) / 00:00:03:000 para Root(00)
Mensaje * / 00:00:09:010 / Root(00) para top(01)
Mensaje * / 00:00:09:010 / top(01) para controller(02)
Mensaje Y / 00:00:09:010 / controller(02) / out1 /      1.00000 para top(01)
Mensaje D / 00:00:09:010 / controller(02) / ... para top(01)
Mensaje X / 00:00:09:010 / top(01) / in1 /      1.00000 para ds(03)
Mensaje D / 00:00:09:010 / ds(03) / 00:00:00:010 para top(01)
Mensaje D / 00:00:09:010 / top(01) / 00:00:00:010 para Root(00)
Mensaje * / 00:00:09:020 / Root(00) para top(01)
Mensaje * / 00:00:09:020 / top(01) para ds(03)
Mensaje D / 00:00:09:020 / ds(03) / ... para top(01)
Mensaje D / 00:00:09:020 / top(01) / ... para Root(00)
Mensaje X / 00:00:10:000 / Root(00) / in2 /     60.00000 para top(01)
Mensaje X / 00:00:10:000 / top(01) / in2 /     60.00000 para ds(03)
Mensaje D / 00:00:10:000 / ds(03) / 00:00:00:010 para top(01)
Mensaje D / 00:00:10:000 / top(01) / 00:00:00:010 para Root(00)
Mensaje * / 00:00:10:010 / Root(00) para top(01)
Mensaje * / 00:00:10:010 / top(01) para ds(03)
Mensaje Y / 00:00:10:010 / ds(03) / out /     60.00000 para top(01)
Mensaje D / 00:00:10:010 / ds(03) / ... para top(01)
Mensaje X / 00:00:10:010 / top(01) / in2 /     60.00000 para controller(02)
Mensaje D / 00:00:10:010 / controller(02) / 00:00:03:000 para top(01)
Mensaje D / 00:00:10:010 / top(01) / 00:00:03:000 para Root(00)
Mensaje * / 00:00:13:010 / Root(00) para top(01)
Mensaje * / 00:00:13:010 / top(01) para controller(02)
Mensaje Y / 00:00:13:010 / controller(02) / out1 /      1.00000 para top(01)
Mensaje D / 00:00:13:010 / controller(02) / ... para top(01)
Mensaje X / 00:00:13:010 / top(01) / in1 /      1.00000 para ds(03)
Mensaje D / 00:00:13:010 / ds(03) / 00:00:00:010 para top(01)
Mensaje D / 00:00:13:010 / top(01) / 00:00:00:010 para Root(00)
Mensaje * / 00:00:13:020 / Root(00) para top(01)
Mensaje * / 00:00:13:020 / top(01) para ds(03)
Mensaje D / 00:00:13:020 / ds(03) / ... para top(01)
Mensaje D / 00:00:13:020 / top(01) / ... para Root(00)
Mensaje X / 00:00:14:000 / Root(00) / in2 /     70.00000 para top(01)
Mensaje X / 00:00:14:000 / top(01) / in2 /     70.00000 para ds(03)
Mensaje D / 00:00:14:000 / ds(03) / 00:00:00:010 para top(01)
Mensaje D / 00:00:14:000 / top(01) / 00:00:00:010 para Root(00)
Mensaje * / 00:00:14:010 / Root(00) para top(01)
Mensaje * / 00:00:14:010 / top(01) para ds(03)
Mensaje Y / 00:00:14:010 / ds(03) / out /     70.00000 para top(01)
Mensaje D / 00:00:14:010 / ds(03) / ... para top(01)
Mensaje X / 00:00:14:010 / top(01) / in2 /     70.00000 para controller(02)
Mensaje D / 00:00:14:010 / controller(02) / 00:00:03:000 para top(01)
Mensaje D / 00:00:14:010 / top(01) / 00:00:03:000 para Root(00)
Mensaje * / 00:00:17:010 / Root(00) para top(01)
Mensaje * / 00:00:17:010 / top(01) para controller(02)
Mensaje Y / 00:00:17:010 / controller(02) / out1 /      1.00000 para top(01)
Mensaje D / 00:00:17:010 / controller(02) / ... para top(01)
Mensaje X / 00:00:17:010 / top(01) / in1 /      1.00000 para ds(03)
Mensaje D / 00:00:17:010 / ds(03) / 00:00:00:010 para top(01)
Mensaje D / 00:00:17:010 / top(01) / 00:00:00:010 para Root(00)
Mensaje * / 00:00:17:020 / Root(00) para top(01)
Mensaje * / 00:00:17:020 / top(01) para ds(03)
Mensaje D / 00:00:17:020 / ds(03) / ... para top(01)
Mensaje D / 00:00:17:020 / top(01) / ... para Root(00)
Mensaje X / 00:00:18:000 / Root(00) / in2 /     76.80000 para top(01)
Mensaje X / 00:00:18:000 / top(01) / in2 /     76.80000 para ds(03)
Mensaje D / 00:00:18:000 / ds(03) / 00:00:00:010 para top(01)
Mensaje D / 00:00:18:000 / top(01) / 00:00:00:010 para Root(00)
Mensaje * / 00:00:18:010 / Root(00) para top(01)
Mensaje * / 00:00:18:010 / top(01) para ds(03)
Mensaje Y / 00:00:18:010 / ds(03) / out /     76.00000 para top(01)
Mensaje D / 00:00:18:010 / ds(03) / ... para top(01)
Mensaje X / 00:00:18:010 / top(01) / in2 /     76.00000 para controller(02)
Mensaje D / 00:00:18:010 / controller(02) / 00:00:03:000 para top(01)
Mensaje D / 00:00:18:010 / top(01) / 00:00:03:000 para Root(00)
Mensaje * / 00:00:21:010 / Root(00) para top(01)
Mensaje * / 00:00:21:010 / top(01) para controller(02)
Mensaje Y / 00:00:21:010 / controller(02) / out1 /      1.00000 para top(01)
Mensaje D / 00:00:21:010 / controller(02) / ... para top(01)
Mensaje X / 00:00:21:010 / top(01) / in1 /      1.00000 para ds(03)
Mensaje D / 00:00:21:010 / ds(03) / 00:00:00:010 para top(01)
Mensaje D / 00:00:21:010 / top(01) / 00:00:00:010 para Root(00)
Mensaje * / 00:00:21:020 / Root(00) para top(01)
Mensaje * / 00:00:21:020 / top(01) para ds(03)
Mensaje D / 00:00:21:020 / ds(03) / ... para top(01)
Mensaje D / 00:00:21:020 / top(01) / ... para Root(00)
Mensaje X / 00:00:22:000 / Root(00) / in2 /     76.80000 para top(01)
Mensaje X / 00:00:22:000 / top(01) / in2 /     76.80000 para ds(03)
Mensaje D / 00:00:22:000 / ds(03) / 00:00:00:010 para top(01)
Mensaje D / 00:00:22:000 / top(01) / 00:00:00:010 para Root(00)
Mensaje * / 00:00:22:010 / Root(00) para top(01)
Mensaje * / 00:00:22:010 / top(01) para ds(03)
Mensaje Y / 00:00:22:010 / ds(03) / out /     76.00000 para top(01)
Mensaje D / 00:00:22:010 / ds(03) / ... para top(01)
Mensaje X / 00:00:22:010 / top(01) / in2 /     76.00000 para controller(02)
Mensaje D / 00:00:22:010 / controller(02) / 00:00:03:000 para top(01)
Mensaje D / 00:00:22:010 / top(01) / 00:00:03:000 para Root(00)
Mensaje * / 00:00:25:010 / Root(00) para top(01)
Mensaje * / 00:00:25:010 / top(01) para controller(02)
Mensaje Y / 00:00:25:010 / controller(02) / out2 /      1.00000 para top(01)
Mensaje Y / 00:00:25:010 / controller(02) / out3 /     76.00000 para top(01)
Mensaje D / 00:00:25:010 / controller(02) / ... para top(01)
Mensaje Y / 00:00:25:010 / top(01) / out2 /      1.00000 para Root(00)
Mensaje Y / 00:00:25:010 / top(01) / out1 /     76.00000 para Root(00)
Mensaje D / 00:00:25:010 / top(01) / ... para Root(00)
