Mensaje I / 00:00:00:000 / Root(00) para top(01)
Mensaje I / 00:00:00:000 / top(01) para controller(02)
Mensaje D / 00:00:00:000 / controller(02) / ... para top(01)
Mensaje D / 00:00:00:000 / top(01) / ... para Root(00)
Mensaje X / 00:00:02:000 / Root(00) / in1 /      0.00000 para top(01)
Mensaje X / 00:00:02:000 / top(01) / in1 /      0.00000 para controller(02)
Mensaje D / 00:00:02:000 / controller(02) / ... para top(01)
Mensaje D / 00:00:02:000 / top(01) / ... para Root(00)
Mensaje X / 00:00:05:000 / Root(00) / in1 /      1.00000 para top(01)
Mensaje X / 00:00:05:000 / top(01) / in1 /      1.00000 para controller(02)
Mensaje D / 00:00:05:000 / controller(02) / 00:00:00:010 para top(01)
Mensaje D / 00:00:05:000 / top(01) / 00:00:00:010 para Root(00)
Mensaje * / 00:00:05:010 / Root(00) para top(01)
Mensaje * / 00:00:05:010 / top(01) para controller(02)
Mensaje Y / 00:00:05:010 / controller(02) / out1 /      1.00000 para top(01)
Mensaje D / 00:00:05:010 / controller(02) / ... para top(01)
Mensaje Y / 00:00:05:010 / top(01) / out1 /      1.00000 para Root(00)
Mensaje D / 00:00:05:010 / top(01) / ... para Root(00)
Mensaje X / 00:00:06:000 / Root(00) / in2 /     50.00000 para top(01)
Mensaje X / 00:00:06:000 / top(01) / in2 /     50.00000 para controller(02)
Mensaje D / 00:00:06:000 / controller(02) / 00:00:03:000 para top(01)
Mensaje D / 00:00:06:000 / top(01) / 00:00:03:000 para Root(00)
Mensaje * / 00:00:09:000 / Root(00) para top(01)
Mensaje * / 00:00:09:000 / top(01) para controller(02)
Mensaje Y / 00:00:09:000 / controller(02) / out1 /      1.00000 para top(01)
Mensaje D / 00:00:09:000 / controller(02) / ... para top(01)
Mensaje Y / 00:00:09:000 / top(01) / out1 /      1.00000 para Root(00)
Mensaje D / 00:00:09:000 / top(01) / ... para Root(00)
Mensaje X / 00:00:10:000 / Root(00) / in2 /     60.00000 para top(01)
Mensaje X / 00:00:10:000 / top(01) / in2 /     60.00000 para controller(02)
Mensaje D / 00:00:10:000 / controller(02) / 00:00:03:000 para top(01)
Mensaje D / 00:00:10:000 / top(01) / 00:00:03:000 para Root(00)
Mensaje * / 00:00:13:000 / Root(00) para top(01)
Mensaje * / 00:00:13:000 / top(01) para controller(02)
Mensaje Y / 00:00:13:000 / controller(02) / out1 /      1.00000 para top(01)
Mensaje D / 00:00:13:000 / controller(02) / ... para top(01)
Mensaje Y / 00:00:13:000 / top(01) / out1 /      1.00000 para Root(00)
Mensaje D / 00:00:13:000 / top(01) / ... para Root(00)
Mensaje X / 00:00:14:000 / Root(00) / in2 /     70.00000 para top(01)
Mensaje X / 00:00:14:000 / top(01) / in2 /     70.00000 para controller(02)
Mensaje D / 00:00:14:000 / controller(02) / 00:00:03:000 para top(01)
Mensaje D / 00:00:14:000 / top(01) / 00:00:03:000 para Root(00)
Mensaje * / 00:00:17:000 / Root(00) para top(01)
Mensaje * / 00:00:17:000 / top(01) para controller(02)
Mensaje Y / 00:00:17:000 / controller(02) / out1 /      1.00000 para top(01)
Mensaje D / 00:00:17:000 / controller(02) / ... para top(01)
Mensaje Y / 00:00:17:000 / top(01) / out1 /      1.00000 para Root(00)
Mensaje D / 00:00:17:000 / top(01) / ... para Root(00)
Mensaje X / 00:00:18:000 / Root(00) / in2 /     80.53000 para top(01)
Mensaje X / 00:00:18:000 / top(01) / in2 /     80.53000 para controller(02)
Mensaje D / 00:00:18:000 / controller(02) / 00:00:03:000 para top(01)
Mensaje D / 00:00:18:000 / top(01) / 00:00:03:000 para Root(00)
Mensaje * / 00:00:21:000 / Root(00) para top(01)
Mensaje * / 00:00:21:000 / top(01) para controller(02)
Mensaje Y / 00:00:21:000 / controller(02) / out1 /      1.00000 para top(01)
Mensaje D / 00:00:21:000 / controller(02) / ... para top(01)
Mensaje Y / 00:00:21:000 / top(01) / out1 /      1.00000 para Root(00)
Mensaje D / 00:00:21:000 / top(01) / ... para Root(00)
Mensaje X / 00:00:22:000 / Root(00) / in2 /     88.00000 para top(01)
Mensaje X / 00:00:22:000 / top(01) / in2 /     88.00000 para controller(02)
Mensaje D / 00:00:22:000 / controller(02) / 00:00:03:000 para top(01)
Mensaje D / 00:00:22:000 / top(01) / 00:00:03:000 para Root(00)
Mensaje * / 00:00:25:000 / Root(00) para top(01)
Mensaje * / 00:00:25:000 / top(01) para controller(02)
Mensaje Y / 00:00:25:000 / controller(02) / out1 /      1.00000 para top(01)
Mensaje D / 00:00:25:000 / controller(02) / ... para top(01)
Mensaje Y / 00:00:25:000 / top(01) / out1 /      1.00000 para Root(00)
Mensaje D / 00:00:25:000 / top(01) / ... para Root(00)
Mensaje X / 00:00:26:000 / Root(00) / in2 /     88.00000 para top(01)
Mensaje X / 00:00:26:000 / top(01) / in2 /     88.00000 para controller(02)
Mensaje D / 00:00:26:000 / controller(02) / 00:00:03:000 para top(01)
Mensaje D / 00:00:26:000 / top(01) / 00:00:03:000 para Root(00)
Mensaje * / 00:00:29:000 / Root(00) para top(01)
Mensaje * / 00:00:29:000 / top(01) para controller(02)
Mensaje Y / 00:00:29:000 / controller(02) / out2 /      1.00000 para top(01)
Mensaje Y / 00:00:29:000 / controller(02) / out3 /     88.00000 para top(01)
Mensaje D / 00:00:29:000 / controller(02) / ... para top(01)
Mensaje Y / 00:00:29:000 / top(01) / out2 /      1.00000 para Root(00)
Mensaje Y / 00:00:29:000 / top(01) / out3 /     88.00000 para Root(00)
Mensaje D / 00:00:29:000 / top(01) / ... para Root(00)
