Mensaje I / 00:00:00:000 / Root(00) para top(01)
Mensaje I / 00:00:00:000 / top(01) para ds(02)
Mensaje D / 00:00:00:000 / ds(02) / ... para top(01)
Mensaje D / 00:00:00:000 / top(01) / ... para Root(00)
Mensaje X / 00:00:02:000 / Root(00) / in1 /      0.00000 para top(01)
Mensaje X / 00:00:02:000 / top(01) / in1 /      0.00000 para ds(02)
Mensaje D / 00:00:02:000 / ds(02) / ... para top(01)
Mensaje D / 00:00:02:000 / top(01) / ... para Root(00)
Mensaje X / 00:00:03:000 / Root(00) / in2 /     30.00000 para top(01)
Mensaje X / 00:00:03:000 / top(01) / in2 /     30.00000 para ds(02)
Mensaje D / 00:00:03:000 / ds(02) / ... para top(01)
Mensaje D / 00:00:03:000 / top(01) / ... para Root(00)
Mensaje X / 00:00:05:000 / Root(00) / in1 /      1.00000 para top(01)
Mensaje X / 00:00:05:000 / top(01) / in1 /      1.00000 para ds(02)
Mensaje D / 00:00:05:000 / ds(02) / 00:00:00:010 para top(01)
Mensaje D / 00:00:05:000 / top(01) / 00:00:00:010 para Root(00)
Mensaje * / 00:00:05:010 / Root(00) para top(01)
Mensaje * / 00:00:05:010 / top(01) para ds(02)
Mensaje D / 00:00:05:010 / ds(02) / ... para top(01)
Mensaje D / 00:00:05:010 / top(01) / ... para Root(00)
Mensaje X / 00:00:06:000 / Root(00) / in2 /     50.00000 para top(01)
Mensaje X / 00:00:06:000 / top(01) / in2 /     50.00000 para ds(02)
Mensaje D / 00:00:06:000 / ds(02) / 00:00:00:010 para top(01)
Mensaje D / 00:00:06:000 / top(01) / 00:00:00:010 para Root(00)
Mensaje * / 00:00:06:010 / Root(00) para top(01)
Mensaje * / 00:00:06:010 / top(01) para ds(02)
Mensaje Y / 00:00:06:010 / ds(02) / out /     50.00000 para top(01)
Mensaje D / 00:00:06:010 / ds(02) / ... para top(01)
Mensaje Y / 00:00:06:010 / top(01) / out /     50.00000 para Root(00)
Mensaje D / 00:00:06:010 / top(01) / ... para Root(00)
Mensaje X / 00:00:08:000 / Root(00) / in1 /      1.00000 para top(01)
Mensaje X / 00:00:08:000 / top(01) / in1 /      1.00000 para ds(02)
Mensaje D / 00:00:08:000 / ds(02) / 00:00:00:010 para top(01)
Mensaje D / 00:00:08:000 / top(01) / 00:00:00:010 para Root(00)
Mensaje * / 00:00:08:010 / Root(00) para top(01)
Mensaje * / 00:00:08:010 / top(01) para ds(02)
Mensaje D / 00:00:08:010 / ds(02) / ... para top(01)
Mensaje D / 00:00:08:010 / top(01) / ... para Root(00)
Mensaje X / 00:00:08:011 / Root(00) / in2 /     63.00000 para top(01)
Mensaje X / 00:00:08:011 / top(01) / in2 /     63.00000 para ds(02)
Mensaje D / 00:00:08:011 / ds(02) / 00:00:00:010 para top(01)
Mensaje D / 00:00:08:011 / top(01) / 00:00:00:010 para Root(00)
Mensaje * / 00:00:08:021 / Root(00) para top(01)
Mensaje * / 00:00:08:021 / top(01) para ds(02)
Mensaje Y / 00:00:08:021 / ds(02) / out /     63.00000 para top(01)
Mensaje D / 00:00:08:021 / ds(02) / ... para top(01)
Mensaje Y / 00:00:08:021 / top(01) / out /     63.00000 para Root(00)
Mensaje D / 00:00:08:021 / top(01) / ... para Root(00)
Mensaje X / 00:00:10:000 / Root(00) / in1 /      1.00000 para top(01)
Mensaje X / 00:00:10:000 / top(01) / in1 /      1.00000 para ds(02)
Mensaje D / 00:00:10:000 / ds(02) / 00:00:00:010 para top(01)
Mensaje D / 00:00:10:000 / top(01) / 00:00:00:010 para Root(00)
Mensaje * / 00:00:10:010 / Root(00) para top(01)
Mensaje * / 00:00:10:010 / top(01) para ds(02)
Mensaje D / 00:00:10:010 / ds(02) / ... para top(01)
Mensaje D / 00:00:10:010 / top(01) / ... para Root(00)
Mensaje X / 00:00:11:000 / Root(00) / in2 /     70.00000 para top(01)
Mensaje X / 00:00:11:000 / top(01) / in2 /     70.00000 para ds(02)
Mensaje D / 00:00:11:000 / ds(02) / 00:00:00:010 para top(01)
Mensaje D / 00:00:11:000 / top(01) / 00:00:00:010 para Root(00)
Mensaje * / 00:00:11:010 / Root(00) para top(01)
Mensaje * / 00:00:11:010 / top(01) para ds(02)
Mensaje Y / 00:00:11:010 / ds(02) / out /     70.00000 para top(01)
Mensaje D / 00:00:11:010 / ds(02) / ... para top(01)
Mensaje Y / 00:00:11:010 / top(01) / out /     70.00000 para Root(00)
Mensaje D / 00:00:11:010 / top(01) / ... para Root(00)
Mensaje X / 00:00:14:000 / Root(00) / in1 /      1.00000 para top(01)
Mensaje X / 00:00:14:000 / top(01) / in1 /      1.00000 para ds(02)
Mensaje D / 00:00:14:000 / ds(02) / 00:00:00:010 para top(01)
Mensaje D / 00:00:14:000 / top(01) / 00:00:00:010 para Root(00)
Mensaje * / 00:00:14:010 / Root(00) para top(01)
Mensaje * / 00:00:14:010 / top(01) para ds(02)
Mensaje D / 00:00:14:010 / ds(02) / ... para top(01)
Mensaje D / 00:00:14:010 / top(01) / ... para Root(00)
Mensaje X / 00:00:15:000 / Root(00) / in2 /     99.60000 para top(01)
Mensaje X / 00:00:15:000 / top(01) / in2 /     99.60000 para ds(02)
Mensaje D / 00:00:15:000 / ds(02) / 00:00:00:010 para top(01)
Mensaje D / 00:00:15:000 / top(01) / 00:00:00:010 para Root(00)
Mensaje * / 00:00:15:010 / Root(00) para top(01)
Mensaje * / 00:00:15:010 / top(01) para ds(02)
Mensaje Y / 00:00:15:010 / ds(02) / out /     99.00000 para top(01)
Mensaje D / 00:00:15:010 / ds(02) / ... para top(01)
Mensaje Y / 00:00:15:010 / top(01) / out /     99.00000 para Root(00)
Mensaje D / 00:00:15:010 / top(01) / ... para Root(00)
