Mensaje I / 00:00:00:000 / Root(00) para top(01)
Mensaje I / 00:00:00:000 / top(01) para inflator(02)
Mensaje I / 00:00:00:000 / top(01) para con_ds(03)
Mensaje D / 00:00:00:000 / inflator(02) / ... para top(01)
Mensaje I / 00:00:00:000 / con_ds(03) para controller(04)
Mensaje I / 00:00:00:000 / con_ds(03) para ds(05)
Mensaje D / 00:00:00:000 / controller(04) / ... para con_ds(03)
Mensaje D / 00:00:00:000 / ds(05) / ... para con_ds(03)
Mensaje D / 00:00:00:000 / con_ds(03) / ... para top(01)
Mensaje D / 00:00:00:000 / top(01) / ... para Root(00)
Mensaje X / 00:00:03:000 / Root(00) / in1 /      4.00000 para top(01)
Mensaje X / 00:00:03:000 / top(01) / in1 /      4.00000 para con_ds(03)
Mensaje X / 00:00:03:000 / con_ds(03) / in1 /      4.00000 para controller(04)
Mensaje D / 00:00:03:000 / controller(04) / ... para con_ds(03)
Mensaje D / 00:00:03:000 / con_ds(03) / ... para top(01)
Mensaje D / 00:00:03:000 / top(01) / ... para Root(00)
Mensaje X / 00:00:05:000 / Root(00) / in1 /      1.00000 para top(01)
Mensaje X / 00:00:05:000 / top(01) / in1 /      1.00000 para con_ds(03)
Mensaje X / 00:00:05:000 / con_ds(03) / in1 /      1.00000 para controller(04)
Mensaje D / 00:00:05:000 / controller(04) / 00:00:00:010 para con_ds(03)
Mensaje D / 00:00:05:000 / con_ds(03) / 00:00:00:010 para top(01)
Mensaje D / 00:00:05:000 / top(01) / 00:00:00:010 para Root(00)
Mensaje * / 00:00:05:010 / Root(00) para top(01)
Mensaje * / 00:00:05:010 / top(01) para con_ds(03)
Mensaje * / 00:00:05:010 / con_ds(03) para controller(04)
Mensaje Y / 00:00:05:010 / controller(04) / out1 /      1.00000 para con_ds(03)
Mensaje D / 00:00:05:010 / controller(04) / ... para con_ds(03)
Mensaje X / 00:00:05:010 / con_ds(03) / in1 /      1.00000 para ds(05)
Mensaje D / 00:00:05:010 / ds(05) / 00:00:00:010 para con_ds(03)
Mensaje D / 00:00:05:010 / con_ds(03) / 00:00:00:010 para top(01)
Mensaje D / 00:00:05:010 / top(01) / 00:00:00:010 para Root(00)
Mensaje * / 00:00:05:020 / Root(00) para top(01)
Mensaje * / 00:00:05:020 / top(01) para con_ds(03)
Mensaje * / 00:00:05:020 / con_ds(03) para ds(05)
Mensaje D / 00:00:05:020 / ds(05) / ... para con_ds(03)
Mensaje D / 00:00:05:020 / con_ds(03) / ... para top(01)
Mensaje D / 00:00:05:020 / top(01) / ... para Root(00)
Mensaje X / 00:00:06:000 / Root(00) / in2 /     50.00000 para top(01)
Mensaje X / 00:00:06:000 / top(01) / in2 /     50.00000 para con_ds(03)
Mensaje X / 00:00:06:000 / con_ds(03) / in2 /     50.00000 para ds(05)
Mensaje D / 00:00:06:000 / ds(05) / 00:00:00:010 para con_ds(03)
Mensaje D / 00:00:06:000 / con_ds(03) / 00:00:00:010 para top(01)
Mensaje D / 00:00:06:000 / top(01) / 00:00:00:010 para Root(00)
Mensaje * / 00:00:06:010 / Root(00) para top(01)
Mensaje * / 00:00:06:010 / top(01) para con_ds(03)
Mensaje * / 00:00:06:010 / con_ds(03) para ds(05)
Mensaje Y / 00:00:06:010 / ds(05) / out /     50.00000 para con_ds(03)
Mensaje D / 00:00:06:010 / ds(05) / ... para con_ds(03)
Mensaje X / 00:00:06:010 / con_ds(03) / in2 /     50.00000 para controller(04)
Mensaje D / 00:00:06:010 / controller(04) / 00:00:03:000 para con_ds(03)
Mensaje D / 00:00:06:010 / con_ds(03) / 00:00:03:000 para top(01)
Mensaje D / 00:00:06:010 / top(01) / 00:00:03:000 para Root(00)
Mensaje * / 00:00:09:010 / Root(00) para top(01)
Mensaje * / 00:00:09:010 / top(01) para con_ds(03)
Mensaje * / 00:00:09:010 / con_ds(03) para controller(04)
Mensaje Y / 00:00:09:010 / controller(04) / out1 /      1.00000 para con_ds(03)
Mensaje D / 00:00:09:010 / controller(04) / ... para con_ds(03)
Mensaje X / 00:00:09:010 / con_ds(03) / in1 /      1.00000 para ds(05)
Mensaje D / 00:00:09:010 / ds(05) / 00:00:00:010 para con_ds(03)
Mensaje D / 00:00:09:010 / con_ds(03) / 00:00:00:010 para top(01)
Mensaje D / 00:00:09:010 / top(01) / 00:00:00:010 para Root(00)
Mensaje * / 00:00:09:020 / Root(00) para top(01)
Mensaje * / 00:00:09:020 / top(01) para con_ds(03)
Mensaje * / 00:00:09:020 / con_ds(03) para ds(05)
Mensaje D / 00:00:09:020 / ds(05) / ... para con_ds(03)
Mensaje D / 00:00:09:020 / con_ds(03) / ... para top(01)
Mensaje D / 00:00:09:020 / top(01) / ... para Root(00)
Mensaje X / 00:00:10:000 / Root(00) / in2 /     60.25000 para top(01)
Mensaje X / 00:00:10:000 / top(01) / in2 /     60.25000 para con_ds(03)
Mensaje X / 00:00:10:000 / con_ds(03) / in2 /     60.25000 para ds(05)
Mensaje D / 00:00:10:000 / ds(05) / 00:00:00:010 para con_ds(03)
Mensaje D / 00:00:10:000 / con_ds(03) / 00:00:00:010 para top(01)
Mensaje D / 00:00:10:000 / top(01) / 00:00:00:010 para Root(00)
Mensaje * / 00:00:10:010 / Root(00) para top(01)
Mensaje * / 00:00:10:010 / top(01) para con_ds(03)
Mensaje * / 00:00:10:010 / con_ds(03) para ds(05)
Mensaje Y / 00:00:10:010 / ds(05) / out /     60.00000 para con_ds(03)
Mensaje D / 00:00:10:010 / ds(05) / ... para con_ds(03)
Mensaje X / 00:00:10:010 / con_ds(03) / in2 /     60.00000 para controller(04)
Mensaje D / 00:00:10:010 / controller(04) / 00:00:03:000 para con_ds(03)
Mensaje D / 00:00:10:010 / con_ds(03) / 00:00:03:000 para top(01)
Mensaje D / 00:00:10:010 / top(01) / 00:00:03:000 para Root(00)
Mensaje * / 00:00:13:010 / Root(00) para top(01)
Mensaje * / 00:00:13:010 / top(01) para con_ds(03)
Mensaje * / 00:00:13:010 / con_ds(03) para controller(04)
Mensaje Y / 00:00:13:010 / controller(04) / out1 /      1.00000 para con_ds(03)
Mensaje D / 00:00:13:010 / controller(04) / ... para con_ds(03)
Mensaje X / 00:00:13:010 / con_ds(03) / in1 /      1.00000 para ds(05)
Mensaje D / 00:00:13:010 / ds(05) / 00:00:00:010 para con_ds(03)
Mensaje D / 00:00:13:010 / con_ds(03) / 00:00:00:010 para top(01)
Mensaje D / 00:00:13:010 / top(01) / 00:00:00:010 para Root(00)
Mensaje * / 00:00:13:020 / Root(00) para top(01)
Mensaje * / 00:00:13:020 / top(01) para con_ds(03)
Mensaje * / 00:00:13:020 / con_ds(03) para ds(05)
Mensaje D / 00:00:13:020 / ds(05) / ... para con_ds(03)
Mensaje D / 00:00:13:020 / con_ds(03) / ... para top(01)
Mensaje D / 00:00:13:020 / top(01) / ... para Root(00)
Mensaje X / 00:00:14:000 / Root(00) / in2 /     70.80000 para top(01)
Mensaje X / 00:00:14:000 / top(01) / in2 /     70.80000 para con_ds(03)
Mensaje X / 00:00:14:000 / con_ds(03) / in2 /     70.80000 para ds(05)
Mensaje D / 00:00:14:000 / ds(05) / 00:00:00:010 para con_ds(03)
Mensaje D / 00:00:14:000 / con_ds(03) / 00:00:00:010 para top(01)
Mensaje D / 00:00:14:000 / top(01) / 00:00:00:010 para Root(00)
Mensaje * / 00:00:14:010 / Root(00) para top(01)
Mensaje * / 00:00:14:010 / top(01) para con_ds(03)
Mensaje * / 00:00:14:010 / con_ds(03) para ds(05)
Mensaje Y / 00:00:14:010 / ds(05) / out /     70.00000 para con_ds(03)
Mensaje D / 00:00:14:010 / ds(05) / ... para con_ds(03)
Mensaje X / 00:00:14:010 / con_ds(03) / in2 /     70.00000 para controller(04)
Mensaje D / 00:00:14:010 / controller(04) / 00:00:03:000 para con_ds(03)
Mensaje D / 00:00:14:010 / con_ds(03) / 00:00:03:000 para top(01)
Mensaje D / 00:00:14:010 / top(01) / 00:00:03:000 para Root(00)
Mensaje * / 00:00:17:010 / Root(00) para top(01)
Mensaje * / 00:00:17:010 / top(01) para con_ds(03)
Mensaje * / 00:00:17:010 / con_ds(03) para controller(04)
Mensaje Y / 00:00:17:010 / controller(04) / out1 /      1.00000 para con_ds(03)
Mensaje D / 00:00:17:010 / controller(04) / ... para con_ds(03)
Mensaje X / 00:00:17:010 / con_ds(03) / in1 /      1.00000 para ds(05)
Mensaje D / 00:00:17:010 / ds(05) / 00:00:00:010 para con_ds(03)
Mensaje D / 00:00:17:010 / con_ds(03) / 00:00:00:010 para top(01)
Mensaje D / 00:00:17:010 / top(01) / 00:00:00:010 para Root(00)
Mensaje * / 00:00:17:020 / Root(00) para top(01)
Mensaje * / 00:00:17:020 / top(01) para con_ds(03)
Mensaje * / 00:00:17:020 / con_ds(03) para ds(05)
Mensaje D / 00:00:17:020 / ds(05) / ... para con_ds(03)
Mensaje D / 00:00:17:020 / con_ds(03) / ... para top(01)
Mensaje D / 00:00:17:020 / top(01) / ... para Root(00)
Mensaje X / 00:00:18:000 / Root(00) / in2 /     71.00000 para top(01)
Mensaje X / 00:00:18:000 / top(01) / in2 /     71.00000 para con_ds(03)
Mensaje X / 00:00:18:000 / con_ds(03) / in2 /     71.00000 para ds(05)
Mensaje D / 00:00:18:000 / ds(05) / 00:00:00:010 para con_ds(03)
Mensaje D / 00:00:18:000 / con_ds(03) / 00:00:00:010 para top(01)
Mensaje D / 00:00:18:000 / top(01) / 00:00:00:010 para Root(00)
Mensaje * / 00:00:18:010 / Root(00) para top(01)
Mensaje * / 00:00:18:010 / top(01) para con_ds(03)
Mensaje * / 00:00:18:010 / con_ds(03) para ds(05)
Mensaje Y / 00:00:18:010 / ds(05) / out /     71.00000 para con_ds(03)
Mensaje D / 00:00:18:010 / ds(05) / ... para con_ds(03)
Mensaje X / 00:00:18:010 / con_ds(03) / in2 /     71.00000 para controller(04)
Mensaje D / 00:00:18:010 / controller(04) / 00:00:03:000 para con_ds(03)
Mensaje D / 00:00:18:010 / con_ds(03) / 00:00:03:000 para top(01)
Mensaje D / 00:00:18:010 / top(01) / 00:00:03:000 para Root(00)
Mensaje * / 00:00:21:010 / Root(00) para top(01)
Mensaje * / 00:00:21:010 / top(01) para con_ds(03)
Mensaje * / 00:00:21:010 / con_ds(03) para controller(04)
Mensaje Y / 00:00:21:010 / controller(04) / out1 /      1.00000 para con_ds(03)
Mensaje D / 00:00:21:010 / controller(04) / ... para con_ds(03)
Mensaje X / 00:00:21:010 / con_ds(03) / in1 /      1.00000 para ds(05)
Mensaje D / 00:00:21:010 / ds(05) / 00:00:00:010 para con_ds(03)
Mensaje D / 00:00:21:010 / con_ds(03) / 00:00:00:010 para top(01)
Mensaje D / 00:00:21:010 / top(01) / 00:00:00:010 para Root(00)
Mensaje * / 00:00:21:020 / Root(00) para top(01)
Mensaje * / 00:00:21:020 / top(01) para con_ds(03)
Mensaje * / 00:00:21:020 / con_ds(03) para ds(05)
Mensaje D / 00:00:21:020 / ds(05) / ... para con_ds(03)
Mensaje D / 00:00:21:020 / con_ds(03) / ... para top(01)
Mensaje D / 00:00:21:020 / top(01) / ... para Root(00)
Mensaje X / 00:00:22:000 / Root(00) / in2 /     71.00000 para top(01)
Mensaje X / 00:00:22:000 / top(01) / in2 /     71.00000 para con_ds(03)
Mensaje X / 00:00:22:000 / con_ds(03) / in2 /     71.00000 para ds(05)
Mensaje D / 00:00:22:000 / ds(05) / 00:00:00:010 para con_ds(03)
Mensaje D / 00:00:22:000 / con_ds(03) / 00:00:00:010 para top(01)
Mensaje D / 00:00:22:000 / top(01) / 00:00:00:010 para Root(00)
Mensaje * / 00:00:22:010 / Root(00) para top(01)
Mensaje * / 00:00:22:010 / top(01) para con_ds(03)
Mensaje * / 00:00:22:010 / con_ds(03) para ds(05)
Mensaje Y / 00:00:22:010 / ds(05) / out /     71.00000 para con_ds(03)
Mensaje D / 00:00:22:010 / ds(05) / ... para con_ds(03)
Mensaje X / 00:00:22:010 / con_ds(03) / in2 /     71.00000 para controller(04)
Mensaje D / 00:00:22:010 / controller(04) / 00:00:03:000 para con_ds(03)
Mensaje D / 00:00:22:010 / con_ds(03) / 00:00:03:000 para top(01)
Mensaje D / 00:00:22:010 / top(01) / 00:00:03:000 para Root(00)
Mensaje * / 00:00:25:010 / Root(00) para top(01)
Mensaje * / 00:00:25:010 / top(01) para con_ds(03)
Mensaje * / 00:00:25:010 / con_ds(03) para controller(04)
Mensaje Y / 00:00:25:010 / controller(04) / out2 /      1.00000 para con_ds(03)
Mensaje Y / 00:00:25:010 / controller(04) / out3 /     71.00000 para con_ds(03)
Mensaje D / 00:00:25:010 / controller(04) / ... para con_ds(03)
Mensaje Y / 00:00:25:010 / con_ds(03) / out2 /      1.00000 para top(01)
Mensaje Y / 00:00:25:010 / con_ds(03) / out1 /     71.00000 para top(01)
Mensaje D / 00:00:25:010 / con_ds(03) / ... para top(01)
Mensaje X / 00:00:25:010 / top(01) / in /      1.00000 para inflator(02)
Mensaje Y / 00:00:25:010 / top(01) / out1 /     71.00000 para Root(00)
Mensaje D / 00:00:25:010 / inflator(02) / 00:00:02:000 para top(01)
Mensaje D / 00:00:25:010 / top(01) / 00:00:02:000 para Root(00)
Mensaje X / 00:00:26:000 / Root(00) / in2 /     71.00000 para top(01)
Mensaje X / 00:00:26:000 / top(01) / in2 /     71.00000 para con_ds(03)
Mensaje X / 00:00:26:000 / con_ds(03) / in2 /     71.00000 para ds(05)
Mensaje D / 00:00:26:000 / ds(05) / ... para con_ds(03)
Mensaje D / 00:00:26:000 / con_ds(03) / ... para top(01)
Mensaje D / 00:00:26:000 / top(01) / 00:00:01:010 para Root(00)
Mensaje * / 00:00:27:010 / Root(00) para top(01)
Mensaje * / 00:00:27:010 / top(01) para inflator(02)
Mensaje Y / 00:00:27:010 / inflator(02) / out /      1.00000 para top(01)
Mensaje D / 00:00:27:010 / inflator(02) / ... para top(01)
Mensaje Y / 00:00:27:010 / top(01) / out2 /      1.00000 para Root(00)
Mensaje D / 00:00:27:010 / top(01) / ... para Root(00)
