Mensaje I / 00:00:00:000 / Root(00) para top(01)
Mensaje I / 00:00:00:000 / top(01) para inflator(02)
Mensaje D / 00:00:00:000 / inflator(02) / ... para top(01)
Mensaje D / 00:00:00:000 / top(01) / ... para Root(00)
Mensaje X / 00:00:03:000 / Root(00) / in /      0.00000 para top(01)
Mensaje X / 00:00:03:000 / top(01) / in /      0.00000 para inflator(02)
Mensaje D / 00:00:03:000 / inflator(02) / ... para top(01)
Mensaje D / 00:00:03:000 / top(01) / ... para Root(00)
Mensaje X / 00:00:05:000 / Root(00) / in /      5.00000 para top(01)
Mensaje X / 00:00:05:000 / top(01) / in /      5.00000 para inflator(02)
Mensaje D / 00:00:05:000 / inflator(02) / ... para top(01)
Mensaje D / 00:00:05:000 / top(01) / ... para Root(00)
Mensaje X / 00:00:08:000 / Root(00) / in /      1.00000 para top(01)
Mensaje X / 00:00:08:000 / top(01) / in /      1.00000 para inflator(02)
Mensaje D / 00:00:08:000 / inflator(02) / 00:00:02:000 para top(01)
Mensaje D / 00:00:08:000 / top(01) / 00:00:02:000 para Root(00)
Mensaje * / 00:00:10:000 / Root(00) para top(01)
Mensaje * / 00:00:10:000 / top(01) para inflator(02)
Mensaje Y / 00:00:10:000 / inflator(02) / out /      1.00000 para top(01)
Mensaje D / 00:00:10:000 / inflator(02) / ... para top(01)
Mensaje Y / 00:00:10:000 / top(01) / out /      1.00000 para Root(00)
Mensaje D / 00:00:10:000 / top(01) / ... para Root(00)
